Arguments: 
  C:\Program Files\nodejs\node.exe C:\Program Files (x86)\Yarn\bin\yarn.js add --dev concurrently

PATH: 
  C:\Program Files (x86)\Intel\iCLS Client\;C:\Program Files\Intel\iCLS Client\;C:\Windows\system32;C:\Windows;C:\Windows\System32\Wbem;C:\Windows\System32\WindowsPowerShell\v1.0\;C:\Windows\System32\OpenSSH\;C:\Program Files (x86)\Intel\Intel(R) Management Engine Components\DAL;C:\Program Files\Intel\Intel(R) Management Engine Components\DAL;C:\Program Files (x86)\Intel\Intel(R) Management Engine Components\IPT;C:\Program Files\Intel\Intel(R) Management Engine Components\IPT;C:\Program Files (x86)\NVIDIA Corporation\PhysX\Common;C:\Program Files\PuTTY\;C:\Program Files\Git\cmd;C:\Program Files\Git\mingw64\bin;C:\Program Files\Git\usr\bin;C:\Program Files\nodejs\;C:\Program Files\java\jdk-11.0.2\bin;C:\xampp\php;C:\composer;C:\Program Files\MATLAB\R2018a\runtime\win64;C:\Program Files\MATLAB\R2018a\bin;C:\Program Files\MongoDB;C:\ProgramData\chocolatey\bin;C:\Program Files (x86)\Yarn\bin\;C:\Users\new\AppData\Local\Programs\Python\Python37-32\Scripts\;C:\Users\new\AppData\Local\Programs\Python\Python37-32\;"C:\Users\new\AppData\Local\Microsoft\WindowsApps;C:\MinGW\bin;";C:\Users\new\AppData\Local\Programs\Microsoft VS Code\bin;C:\Users\new\AppData\Roaming\npm;C:\Program Files\heroku\bin;C:\Program Files (x86)\heroku\bin;C:\Users\new\AppData\Roaming\Composer\vendor\bin;C:\Program Files\MongoDB;C:\Program Files\MongoDB\Server\4.2\bin;;C:\Program Files\JetBrains\PyCharm Community Edition 2019.2.3\bin;;C:\Users\new\AppData\Local\Yarn\bin

Yarn version: 
  1.19.1

Node version: 
  10.14.2

Platform: 
  win32 x64

Trace: 
  Error: EBUSY: resource busy or locked, copyfile 'C:\Users\new\AppData\Local\Yarn\Cache\v6\npm-rxjs-6.5.3-510e26317f4db91a7eb1de77d9dd9ba0a4899a3a-integrity\node_modules\rxjs\_esm2015\internal\observable\bindNodeCallback.js.map' -> 'C:\Users\new\My Documents\projects\college_dashboard\node_modules\rxjs\_esm2015\internal\observable\bindNodeCallback.js.map'

npm manifest: 
  {
    "name": "college_dashboard",
    "version": "1.0.0",
    "description": "",
    "main": "server.js",
    "scripts": {
      "start": "node server.js",
      "server": "nodemon server.js",
      "client": "npm start --prefix client",
      "dev": "consurrently \"npm run server\" \"npm run client\""
    },
    "keywords": [],
    "author": "",
    "license": "ISC",
    "dependencies": {
      "body-parser": "^1.19.0",
      "cors": "^2.8.5",
      "express": "^4.17.1",
      "mongoose": "^5.7.11",
      "morgan": "^1.9.1"
    }
  }

yarn manifest: 
  No manifest

Lockfile: 
  No lockfile
